Traceback (most recent call last):
  File "/Library/Developer/CommandLineTools/Library/Frameworks/Python3.framework/Versions/3.9/lib/python3.9/runpy.py", line 197, in _run_module_as_main
    return _run_code(code, main_globals, None,
  File "/Library/Developer/CommandLineTools/Library/Frameworks/Python3.framework/Versions/3.9/lib/python3.9/runpy.py", line 87, in _run_code
    exec(code, run_globals)
  File "/Users/corradoatti/Library/Python/3.9/lib/python/site-packages/uvicorn/__main__.py", line 4, in <module>
    uvicorn.main()
  File "/Users/corradoatti/Library/Python/3.9/lib/python/site-packages/click/core.py", line 1161, in __call__
    return self.main(*args, **kwargs)
  File "/Users/corradoatti/Library/Python/3.9/lib/python/site-packages/click/core.py", line 1082, in main
    rv = self.invoke(ctx)
  File "/Users/corradoatti/Library/Python/3.9/lib/python/site-packages/click/core.py", line 1443, in invoke
    return ctx.invoke(self.callback, **ctx.params)
  File "/Users/corradoatti/Library/Python/3.9/lib/python/site-packages/click/core.py", line 788, in invoke
    return __callback(*args, **kwargs)
  File "/Users/corradoatti/Library/Python/3.9/lib/python/site-packages/uvicorn/main.py", line 418, in main
    run(
  File "/Users/corradoatti/Library/Python/3.9/lib/python/site-packages/uvicorn/main.py", line 587, in run
    server.run()
  File "/Users/corradoatti/Library/Python/3.9/lib/python/site-packages/uvicorn/server.py", line 62, in run
    return asyncio.run(self.serve(sockets=sockets))
  File "/Library/Developer/CommandLineTools/Library/Frameworks/Python3.framework/Versions/3.9/lib/python3.9/asyncio/runners.py", line 44, in run
    return loop.run_until_complete(main)
  File "uvloop/loop.pyx", line 1518, in uvloop.loop.Loop.run_until_complete
  File "/Users/corradoatti/Library/Python/3.9/lib/python/site-packages/uvicorn/server.py", line 69, in serve
    config.load()
  File "/Users/corradoatti/Library/Python/3.9/lib/python/site-packages/uvicorn/config.py", line 458, in load
    self.loaded_app = import_from_string(self.app)
  File "/Users/corradoatti/Library/Python/3.9/lib/python/site-packages/uvicorn/importer.py", line 21, in import_from_string
    module = importlib.import_module(module_str)
  File "/Library/Developer/CommandLineTools/Library/Frameworks/Python3.framework/Versions/3.9/lib/python3.9/importlib/__init__.py", line 127, in import_module
    return _bootstrap._gcd_import(name[level:], package, level)
  File "<frozen importlib._bootstrap>", line 1030, in _gcd_import
  File "<frozen importlib._bootstrap>", line 1007, in _find_and_load
  File "<frozen importlib._bootstrap>", line 986, in _find_and_load_unlocked
  File "<frozen importlib._bootstrap>", line 680, in _load_unlocked
  File "<frozen importlib._bootstrap_external>", line 850, in exec_module
  File "<frozen importlib._bootstrap>", line 228, in _call_with_frames_removed
  File "/Users/corradoatti/Desktop/gestionale_officina/backend/app/main.py", line 183, in <module>
    from app.api.v1 import api_v1_router
  File "/Users/corradoatti/Desktop/gestionale_officina/backend/app/api/__init__.py", line 8, in <module>
    from app.api.v1 import clients
  File "/Users/corradoatti/Desktop/gestionale_officina/backend/app/api/v1/__init__.py", line 10, in <module>
    from app.api.v1 import (
  File "/Users/corradoatti/Desktop/gestionale_officina/backend/app/api/v1/invoices.py", line 36, in <module>
    from app.services.pdf_service import PdfService
  File "/Users/corradoatti/Desktop/gestionale_officina/backend/app/services/pdf_service.py", line 9, in <module>
    from weasyprint import HTML, CSS
  File "/Users/corradoatti/Library/Python/3.9/lib/python/site-packages/weasyprint/__init__.py", line 433, in <module>
    from .css import preprocess_stylesheet  # noqa: I001, E402
  File "/Users/corradoatti/Library/Python/3.9/lib/python/site-packages/weasyprint/css/__init__.py", line 28, in <module>
    from .computed_values import COMPUTER_FUNCTIONS
  File "/Users/corradoatti/Library/Python/3.9/lib/python/site-packages/weasyprint/css/computed_values.py", line 9, in <module>
    from ..text.ffi import FROM_UNITS, ffi, pango
  File "/Users/corradoatti/Library/Python/3.9/lib/python/site-packages/weasyprint/text/ffi.py", line 475, in <module>
    gobject = _dlopen(
  File "/Users/corradoatti/Library/Python/3.9/lib/python/site-packages/weasyprint/text/ffi.py", line 463, in _dlopen
    return ffi.dlopen(names[0], flags)  # pragma: no cover
  File "/Users/corradoatti/Library/Python/3.9/lib/python/site-packages/cffi/api.py", line 150, in dlopen
    lib, function_cache = _make_ffi_library(self, name, flags)
  File "/Users/corradoatti/Library/Python/3.9/lib/python/site-packages/cffi/api.py", line 834, in _make_ffi_library
    backendlib = _load_backend_lib(backend, libname, flags)
  File "/Users/corradoatti/Library/Python/3.9/lib/python/site-packages/cffi/api.py", line 829, in _load_backend_lib
    raise OSError(msg)
OSError: cannot load library 'libgobject-2.0-0': dlopen(libgobject-2.0-0, 0x0002): tried: 'libgobject-2.0-0' (no such file), '/System/Volumes/Preboot/Cryptexes/OSlibgobject-2.0-0' (no such file), '/usr/lib/libgobject-2.0-0' (no such file, not in dyld cache), 'libgobject-2.0-0' (no such file).  Additionally, ctypes.util.find_library() did not manage to locate a library called 'libgobject-2.0-0'

-----

WeasyPrint could not import some external libraries. Please carefully follow the installation steps before reporting an issue:
https://doc.courtbouillon.org/weasyprint/stable/first_steps.html#installation
https://doc.courtbouillon.org/weasyprint/stable/first_steps.html#troubleshooting 

-----

